<?xml version="1.0" encoding="UTF-8"?>
<robot generator="Robot 4.1.3 (Python 3.10.4 on win32)" generated="20220422 07:31:56.547" rpa="false" schemaversion="2">
<suite id="s1" name="ReadPDF" source="C:\RobotFramework_Training\RobotFramework_Demo1\API_TestScripts\ReadPDF.robot">
<test id="s1-t1" name="Verify Text in PDF file">
<kw name="PDF Should Contain Strings" library="DocTest.PdfTest">
<arg>Dummy PDF file</arg>
<arg>C:\\Users\\tseuser\\Downloads\\dummy.pdf</arg>
<doc>Checks if each item provided in the list ``expected_text_list`` appears in the PDF File ``candidate_document``.</doc>
<status status="PASS" starttime="20220422 07:31:57.328" endtime="20220422 07:31:57.360"/>
</kw>
<status status="PASS" starttime="20220422 07:31:57.328" endtime="20220422 07:31:57.360"/>
</test>
<status status="PASS" starttime="20220422 07:31:56.578" endtime="20220422 07:31:57.360"/>
</suite>
<statistics>
<total>
<stat pass="1" fail="0" skip="0">All Tests</stat>
</total>
<tag>
</tag>
<suite>
<stat pass="1" fail="0" skip="0" id="s1" name="ReadPDF">ReadPDF</stat>
</suite>
</statistics>
<errors>
</errors>
</robot>
